Loading required package: ParamHelpers
Warning message:
replacing previous import ‘BBmisc::isFALSE’ by ‘backports::isFALSE’ when loading ‘mlr’ 

Attaching package: ‘dplyr’

The following objects are masked from ‘package:stats’:

    filter, lag

The following objects are masked from ‘package:base’:

    intersect, setdiff, setequal, union

Starting parallelization in mode=socket with cpus=8.
Parsed with column specification:
cols(
  .default = col_double(),
  species = col_character()
)
See spec(...) for full column specifications.
'data.frame':	164000 obs. of  287 variables:
 $ X0     : num  8.6e-05 7.3e-05 6.8e-05 8.8e-05 7.3e-05 7.6e-05 7.1e-05 7.5e-05 6.7e-05 8.1e-05 ...
 $ X1     : num  0.000146 0.000173 0.000186 0.000159 0.000174 0.000166 0.000179 0.000159 0.000196 0.000173 ...
 $ X2     : num  0.000166 0.000197 0.000218 0.000201 0.000197 0.0002 0.000206 0.000196 0.000188 0.000197 ...
 $ X3     : num  0.000109 0.000141 0.000131 0.000152 0.000146 0.000165 0.000143 0.000119 0.000119 0.000114 ...
 $ X4     : num  -1.9e-05 3.2e-05 9.0e-06 3.2e-05 1.2e-05 4.0e-06 -2.0e-06 1.1e-05 1.7e-05 -2.0e-06 ...
 $ X5     : num  -0.000107 -0.000136 -0.000123 -0.000099 -0.000131 -0.000113 -0.000121 -0.000123 -0.000125 -0.00011 ...
 $ X6     : num  -0.000154 -0.000153 -0.000148 -0.000148 -0.000148 -0.000147 -0.00016 -0.000146 -0.000146 -0.000138 ...
 $ X7     : num  -0.000096 -0.0001 -0.0001 -0.000105 -0.000103 -0.000099 -0.000109 -0.000098 -0.000103 -0.000106 ...
 $ X8     : num  -4.2e-05 -4.0e-05 -4.2e-05 -4.2e-05 -4.3e-05 -4.2e-05 -4.3e-05 -4.2e-05 -4.2e-05 -4.3e-05 ...
 $ X9     : num  -8e-06 -9e-06 -1e-05 -1e-05 -9e-06 -1e-05 -9e-06 -9e-06 -9e-06 -9e-06 ...
 $ X10    : num  0.000125 0.000118 0.000119 0.000123 0.000109 0.000125 0.000124 0.000136 0.000115 0.000123 ...
 $ X11    : num  0.000578 0.000607 0.000576 0.000612 0.000568 0.000583 0.000593 0.000562 0.000585 0.000573 ...
 $ X12    : num  0.000973 0.000899 0.000888 0.000897 0.000889 0.000906 0.000842 0.000938 0.000894 0.000865 ...
 $ X13    : num  0.000897 0.000818 0.000832 0.000893 0.000898 0.000905 0.000853 0.000842 0.000869 0.000901 ...
 $ X14    : num  0.000332 0.00035 0.000309 0.000396 0.000302 0.000267 0.000357 0.000344 0.000384 0.000367 ...
 $ X15    : num  -0.000439 -0.000351 -0.000424 -0.000377 -0.000379 -0.000359 -0.000354 -0.000423 -0.000354 -0.000408 ...
 $ X16    : num  -0.000759 -0.000793 -0.000792 -0.00076 -0.000749 -0.000774 -0.000781 -0.000766 -0.000771 -0.000765 ...
 $ X17    : num  -0.000651 -0.000671 -0.000666 -0.000654 -0.000652 -0.000662 -0.000651 -0.000643 -0.000662 -0.000675 ...
 $ X18    : num  -0.000328 -0.000313 -0.000321 -0.000324 -0.000312 -0.000321 -0.000321 -0.000324 -0.000314 -0.000319 ...
 $ X19    : num  -8.4e-05 -8.2e-05 -8.4e-05 -8.3e-05 -8.5e-05 -8.6e-05 -8.5e-05 -8.5e-05 -8.5e-05 -8.6e-05 ...
 $ X20    : num  0.000475 0.000479 0.000475 0.00046 0.000464 0.000484 0.000477 0.000473 0.00045 0.00046 ...
 $ X21    : num  0.00144 0.00147 0.00142 0.00145 0.00144 ...
 $ X22    : num  0.00204 0.00203 0.002 0.00212 0.00201 ...
 $ X23    : num  0.00162 0.00156 0.00158 0.00162 0.00161 ...
 $ X24    : num  -0.000128 -0.000093 -0.000042 -0.000134 -0.000062 -0.000044 -0.000204 0.000032 -0.000112 -0.000037 ...
 $ X25    : num  -0.00165 -0.00164 -0.00166 -0.00167 -0.00165 ...
 $ X26    : num  -0.0019 -0.00192 -0.00193 -0.0019 -0.00193 ...
 $ X27    : num  -0.00111 -0.00109 -0.0011 -0.0011 -0.00112 ...
 $ X28    : num  -0.000335 -0.000332 -0.000336 -0.000336 -0.000332 -0.000339 -0.000328 -0.000332 -0.000333 -0.000332 ...
 $ X29    : num  0.000744 0.000692 0.000722 0.000768 0.000746 0.000694 0.000727 0.00075 0.000711 0.000715 ...
 $ X30    : num  0.0021 0.0021 0.0021 0.00212 0.00206 ...
 $ X31    : num  0.00273 0.00261 0.00264 0.00265 0.00259 ...
 $ X32    : num  0.00108 0.00112 0.00119 0.00107 0.00123 ...
 $ X33    : num  -0.00163 -0.00161 -0.00153 -0.00154 -0.00166 ...
 $ X34    : num  -0.00296 -0.00298 -0.00293 -0.00297 -0.00295 ...
 $ X35    : num  -0.00213 -0.00219 -0.00214 -0.00216 -0.00213 ...
 $ X36    : num  -0.000781 -0.000767 -0.000774 -0.000769 -0.000771 -0.000777 -0.000775 -0.000771 -0.000783 -0.000767 ...
 $ X37    : num  0.000684 0.000648 0.000614 0.000625 0.000635 0.000648 0.000613 0.000652 0.000625 0.000618 ...
 $ X38    : num  0.00186 0.00195 0.00179 0.00189 0.00187 ...
 $ X39    : num  0.0019 0.00192 0.00193 0.00189 0.0019 ...
 $ X40    : num  -0.00033 -0.000237 -0.000348 -0.000387 -0.000424 -0.000421 -0.000338 -0.000276 -0.000372 -0.00024 ...
 $ X41    : num  -0.00261 -0.00262 -0.00264 -0.00263 -0.00258 ...
 $ X42    : num  -0.00261 -0.00263 -0.00261 -0.00261 -0.00261 ...
 $ X43    : num  -0.00115 -0.00115 -0.00117 -0.00116 -0.00117 ...
 $ X44    : num  0.000286 0.000279 0.000317 0.000275 0.0003 0.000272 0.000265 0.000293 0.00035 0.000284 ...
 $ X45    : num  0.00104 0.00108 0.00104 0.00106 0.00113 ...
 $ X46    : num  0.00056 0.000515 0.000524 0.000501 0.000542 0.000526 0.000532 0.00055 0.00046 0.000596 ...
 $ X47    : num  -0.00119 -0.0012 -0.00119 -0.00117 -0.0012 ...
 $ X48    : num  -0.00201 -0.002 -0.00201 -0.002 -0.00198 ...
 $ X49    : num  -0.00117 -0.00115 -0.00115 -0.00116 -0.00116 ...
 $ X50    : num  -2.7e-05 2.4e-05 5.1e-05 5.7e-05 1.4e-05 1.1e-05 -2.2e-05 2.0e-05 1.7e-05 2.0e-05 ...
 $ X51    : num  0.000312 0.000347 0.000353 0.000357 0.000365 0.000339 0.000358 0.00036 0.000344 0.000413 ...
 $ X52    : num  -0.00018 -0.000203 -0.000184 -0.000176 -0.000175 -0.000265 -0.000205 -0.000204 -0.000192 -0.000211 ...
 $ X53    : num  -0.000908 -0.000937 -0.000944 -0.000951 -0.000929 -0.000907 -0.000946 -0.000913 -0.000924 -0.000945 ...
 $ X54    : num  -0.000759 -0.000754 -0.000753 -0.000758 -0.00076 -0.000757 -0.000766 -0.000746 -0.000763 -0.000761 ...
 $ X55    : num  -0.00011 -0.000101 -0.000109 -0.000106 -0.00011 -0.000118 -0.000119 -0.000105 -0.00012 -0.000116 ...
 $ X56    : num  3.8e-05 2.9e-05 2.7e-05 4.1e-05 6.9e-05 5.8e-05 2.0e-05 4.2e-05 3.0e-05 4.3e-05 ...
 $ X57    : num  -0.00023 -0.000233 -0.000242 -0.000234 -0.000241 -0.000231 -0.000242 -0.00024 -0.000223 -0.000228 ...
 $ X58    : num  -0.000308 -0.000323 -0.000313 -0.000322 -0.000313 -0.000316 -0.000316 -0.000314 -0.000307 -0.000318 ...
 $ X59    : num  -0.000098 -0.000095 -0.000102 -0.000096 -0.000096 -0.0001 -0.000088 -0.000092 -0.000099 -0.000093 ...
 $ X60    : num  -1.7e-05 -1.6e-05 -1.6e-05 -1.7e-05 -2.3e-05 -1.5e-05 -1.4e-05 -1.0e-05 -1.9e-05 -1.5e-05 ...
 $ X61    : num  -8.1e-05 -7.6e-05 -7.8e-05 -8.2e-05 -7.3e-05 -7.7e-05 -7.9e-05 -7.8e-05 -8.0e-05 -7.6e-05 ...
 $ X62    : num  -4.0e-05 -4.1e-05 -3.9e-05 -4.1e-05 -4.1e-05 -4.1e-05 -3.9e-05 -4.3e-05 -4.1e-05 -4.0e-05 ...
 $ X63    : num  -7e-06 -1e-05 -9e-06 -8e-06 -8e-06 -9e-06 -9e-06 -9e-06 -9e-06 -6e-06 ...
 $ X64    : num  -1e-05 -9e-06 -8e-06 -8e-06 -8e-06 -7e-06 -7e-06 -1e-05 -1e-05 -8e-06 ...
 $ X65    : num  0.000119 0.000107 0.000135 0.000118 0.000097 0.000116 0.000118 0.000132 0.000108 0.00012 ...
 $ X66    : num  0.000565 0.000552 0.000518 0.000582 0.00056 0.000586 0.000561 0.000549 0.000533 0.000566 ...
 $ X67    : num  0.000887 0.00089 0.000966 0.000906 0.000987 0.000949 0.000955 0.000872 0.000963 0.000929 ...
 $ X68    : num  0.00086 0.000927 0.001006 0.000982 0.000919 ...
 $ X69    : num  0.000582 0.000484 0.000461 0.000422 0.000529 0.000544 0.000552 0.000473 0.000465 0.000522 ...
 $ X70    : num  -0.000122 -0.000179 -0.000194 -0.000211 -0.000226 -0.000213 -0.000179 -0.000209 -0.000138 -0.000183 ...
 $ X71    : num  -0.000639 -0.000626 -0.000619 -0.000617 -0.000652 -0.000632 -0.000653 -0.00067 -0.00063 -0.000654 ...
 $ X72    : num  -0.000624 -0.000642 -0.000609 -0.000624 -0.00064 -0.000618 -0.000635 -0.000606 -0.000629 -0.000644 ...
 $ X73    : num  -0.000313 -0.000313 -0.000311 -0.000308 -0.00031 -0.000313 -0.000319 -0.000319 -0.000309 -0.000296 ...
 $ X74    : num  -8.2e-05 -8.5e-05 -8.4e-05 -8.3e-05 -8.0e-05 -8.1e-05 -8.4e-05 -8.2e-05 -8.2e-05 -8.2e-05 ...
 $ X75    : num  0.000831 0.000848 0.000836 0.000819 0.000843 0.000849 0.000815 0.000771 0.000807 0.00085 ...
 $ X76    : num  0.00257 0.00258 0.0025 0.00264 0.00264 ...
 $ X77    : num  0.00394 0.00384 0.00381 0.00383 0.00387 ...
 $ X78    : num  0.00307 0.00312 0.00304 0.003 0.00312 ...
 $ X79    : num  0.000253 0.000278 0.0003 0.000329 0.000252 0.000254 0.000215 0.000229 0.000236 0.000244 ...
 $ X80    : num  -0.00278 -0.00275 -0.00268 -0.00272 -0.00275 ...
 $ X81    : num  -0.00344 -0.00359 -0.00351 -0.0035 -0.00352 ...
 $ X82    : num  -0.00213 -0.00213 -0.00215 -0.00217 -0.00211 ...
 $ X83    : num  -0.000664 -0.000662 -0.000661 -0.00066 -0.000657 -0.000667 -0.00067 -0.000666 -0.000655 -0.000665 ...
 $ X84    : num  0.00194 0.0019 0.00183 0.00187 0.00194 ...
 $ X85    : num  0.00577 0.00558 0.00567 0.00555 0.00554 ...
 $ X86    : num  0.00727 0.00716 0.00713 0.00729 0.00707 ...
 $ X87    : num  0.00341 0.00335 0.00351 0.00349 0.00319 ...
 $ X88    : num  -0.00401 -0.004 -0.0039 -0.00361 -0.00396 ...
 $ X89    : num  -0.00818 -0.00809 -0.00814 -0.00819 -0.00805 ...
 $ X90    : num  -0.00622 -0.00622 -0.00619 -0.00614 -0.00622 ...
 $ X91    : num  -0.0023 -0.00228 -0.0023 -0.0023 -0.00227 ...
 $ X92    : num  0.00247 0.00239 0.0023 0.00242 0.00235 ...
 $ X93    : num  0.00717 0.00718 0.00727 0.00719 0.00713 ...
 $ X94    : num  0.00715 0.00696 0.00708 0.00723 0.0072 ...
 $ X95    : num  -0.000602 -0.00048 -0.000782 -0.000573 -0.000551 -0.000786 -0.000565 -0.000475 -0.000588 -0.000652 ...
 $ X96    : num  -0.00939 -0.00929 -0.0094 -0.0095 -0.00945 ...
 $ X97    : num  -0.00998 -0.00983 -0.00988 -0.00998 -0.00991 ...
 $ X98    : num  -0.00455 -0.00454 -0.00452 -0.00453 -0.00452 ...
  [list output truncated]
Exporting objects to slaves for mode socket: .mlr.slave.options
Mapping in parallel: mode = socket; cpus = 8; elements = 8.
