Loading required package: ParamHelpers
Warning message:
replacing previous import ‘BBmisc::isFALSE’ by ‘backports::isFALSE’ when loading ‘mlr’ 

Attaching package: ‘dplyr’

The following objects are masked from ‘package:stats’:

    filter, lag

The following objects are masked from ‘package:base’:

    intersect, setdiff, setequal, union

Starting parallelization in mode=socket with cpus=8.
Parsed with column specification:
cols(
  .default = col_double(),
  label = col_character()
)
See spec(...) for full column specifications.
'data.frame':	5000 obs. of  287 variables:
 $ X1   : num  9e-06 0e+00 0e+00 0e+00 0e+00 0e+00 2e-06 0e+00 0e+00 0e+00 ...
 $ X2   : num  0.000065 0.000113 0.000072 0.000061 0.000076 0.000032 0.000115 0.000174 0.000129 0.000074 ...
 $ X3   : num  0.000194 0.000266 0.000238 0.000194 0.000272 0.000113 0.000217 0.000351 0.000307 0.000245 ...
 $ X4   : num  0.000302 0.000379 0.000306 0.000237 0.000245 0.000116 0.000302 0.000278 0.000289 0.000255 ...
 $ X5   : num  0.000323 0.00031 0.000301 0.000263 0.000299 0.000177 0.000297 0.000324 0.000284 0.000289 ...
 $ X6   : num  0.000276 0.000253 0.000243 0.000242 0.000245 0.000252 0.000237 0.000205 0.000262 0.00029 ...
 $ X7   : num  0.000159 0.000133 0.000166 0.000121 0.000147 0.000504 0.000136 0.000124 0.000142 0.000176 ...
 $ X8   : num  0.000113 0.000092 0.0001 0.000112 0.000158 0.000788 0.000068 0.000108 0.000119 0.000162 ...
 $ X9   : num  0.000033 0.000033 0.000023 0.00003 0.000044 0.000267 0.000029 0.000027 0.000037 0.000039 ...
 $ X10  : num  5.0e-06 3.0e-06 0.0 0.0 0.0 2.9e-05 5.0e-06 0.0 0.0 0.0 ...
 $ X11  : num  0e+00 3e-06 0e+00 0e+00 0e+00 0e+00 0e+00 0e+00 0e+00 0e+00 ...
 $ X12  : num  0.000128 0.000145 0.000102 0.000048 0.000044 0.000023 0.000079 0.000294 0.000147 0.000059 ...
 $ X13  : num  0.000483 0.00063 0.000518 0.000349 0.000375 0.000171 0.000466 0.00078 0.000573 0.000368 ...
 $ X14  : num  0.000946 0.001194 0.001066 0.000798 0.000952 ...
 $ X15  : num  0.00126 0.00136 0.00137 0.00117 0.00114 ...
 $ X16  : num  0.00139 0.00151 0.00149 0.00154 0.00154 ...
 $ X17  : num  0.00113 0.00115 0.00115 0.00122 0.00127 ...
 $ X18  : num  0.000682 0.000683 0.000733 0.000837 0.000876 ...
 $ X19  : num  0.000272 0.000268 0.000308 0.000319 0.000364 ...
 $ X20  : num  0.000061 0.000047 0.000051 0.000065 0.000071 0.000629 0.000065 0.00005 0.00006 0.000069 ...
 $ X21  : num  2.0e-06 1.2e-05 0.0 1.3e-05 0.0 2.6e-05 3.0e-06 0.0 0.0 0.0 ...
 $ X22  : num  0.000269 0.000474 0.000285 0.000199 0.000223 0.000087 0.000272 0.000564 0.000372 0.000186 ...
 $ X23  : num  0.001037 0.001339 0.00126 0.000829 0.000919 ...
 $ X24  : num  0.0021 0.00214 0.002 0.00187 0.00187 ...
 $ X25  : num  0.00301 0.00293 0.00306 0.00305 0.00323 ...
 $ X26  : num  0.00321 0.00305 0.00341 0.00377 0.00402 ...
 $ X27  : num  0.00259 0.00217 0.00266 0.00327 0.00345 ...
 $ X28  : num  0.00135 0.00123 0.00137 0.00179 0.00186 ...
 $ X29  : num  0.000428 0.000353 0.000366 0.000471 0.00049 ...
 $ X30  : num  3.3e-05 2.8e-05 5.1e-05 3.0e-05 1.6e-05 2.9e-04 1.7e-05 1.2e-05 1.4e-05 1.5e-05 ...
 $ X31  : num  0.000347 0.000484 0.000392 0.000285 0.000256 0.00011 0.000386 0.000444 0.000459 0.000231 ...
 $ X32  : num  0.0016 0.00175 0.0017 0.00167 0.00163 ...
 $ X33  : num  0.00317 0.00311 0.00301 0.00319 0.00331 ...
 $ X34  : num  0.00455 0.00423 0.00441 0.00532 0.00549 ...
 $ X35  : num  0.00461 0.00424 0.00455 0.0061 0.00635 ...
 $ X36  : num  0.0032 0.00277 0.00301 0.00434 0.00451 ...
 $ X37  : num  0.00131 0.00107 0.00121 0.00183 0.00182 ...
 $ X38  : num  0.000171 0.000137 0.000152 0.000133 0.000125 ...
 $ X39  : num  0.000396 0.000415 0.000354 0.000341 0.000354 0.000165 0.000406 0.000329 0.000381 0.000309 ...
 $ X40  : num  0.0016 0.00173 0.00152 0.00168 0.00172 ...
 $ X41  : num  0.00333 0.00324 0.00309 0.00345 0.00352 ...
 $ X42  : num  0.00428 0.00388 0.004 0.00509 0.00508 ...
 $ X43  : num  0.00389 0.00344 0.00372 0.0053 0.00542 ...
 $ X44  : num  0.00221 0.00183 0.00198 0.00325 0.00336 ...
 $ X45  : num  0.000382 0.000311 0.000364 0.000548 0.000576 ...
 $ X46  : num  0.000297 0.000303 0.000308 0.000363 0.000359 0.000232 0.000303 0.000251 0.000367 0.000324 ...
 $ X47  : num  0.00122 0.00116 0.00108 0.00122 0.0012 ...
 $ X48  : num  0.00247 0.00234 0.0022 0.00262 0.0027 ...
 $ X49  : num  0.00301 0.00269 0.00267 0.00383 0.00398 ...
 $ X50  : num  0.00211 0.00183 0.00186 0.00298 0.00313 ...
 $ X51  : num  0.000621 0.000467 0.0005 0.000975 0.001044 ...
 $ X52  : num  0.000225 0.000227 0.000205 0.000237 0.00025 0.000214 0.000168 0.000185 0.000229 0.00022 ...
 $ X53  : num  0.000679 0.000711 0.00067 0.000794 0.000712 ...
 $ X54  : num  0.0012 0.00121 0.00118 0.0015 0.00154 ...
 $ X55  : num  0.00117 0.00102 0.001 0.00141 0.00145 ...
 $ X56  : num  0.000382 0.000311 0.000364 0.000548 0.000576 ...
 $ X57  : num  0.000073 0.000076 0.00007 0.000138 0.000104 0.000139 0.000082 0.000081 0.000083 0.000098 ...
 $ X58  : num  0.000277 0.000213 0.00024 0.000225 0.000207 0.000658 0.000191 0.000147 0.000188 0.000206 ...
 $ X59  : num  0.000319 0.000362 0.000347 0.000406 0.000397 ...
 $ X60  : num  0.000171 0.000137 0.000152 0.000133 0.000125 ...
 $ X61  : num  1.9e-05 3.0e-05 1.6e-05 2.6e-05 2.2e-05 7.0e-05 2.5e-05 1.2e-05 1.4e-05 1.5e-05 ...
 $ X62  : num  0.00008 0.000054 0.000033 0.00003 0.000049 0.000246 0.00005 0.000023 0.000046 0.000044 ...
 $ X63  : num  3.3e-05 2.8e-05 5.1e-05 3.0e-05 1.6e-05 2.9e-04 1.7e-05 1.2e-05 1.4e-05 1.5e-05 ...
 $ X64  : num  9.0e-06 1.1e-05 5.0e-06 9.0e-06 6.0e-06 1.5e-05 5.0e-06 4.0e-06 5.0e-06 5.0e-06 ...
 $ X65  : num  2.0e-06 1.2e-05 0.0 1.3e-05 0.0 2.6e-05 3.0e-06 0.0 0.0 0.0 ...
 $ X66  : num  0e+00 3e-06 0e+00 0e+00 0e+00 0e+00 0e+00 0e+00 0e+00 0e+00 ...
 $ X67  : num  0.000112 0.000158 0.000112 0.000048 0.000038 0.000012 0.000203 0.00012 0.000147 0.000039 ...
 $ X68  : num  0.00058 0.000675 0.000604 0.000384 0.00043 0.000191 0.000558 0.000803 0.000734 0.000412 ...
 $ X69  : num  0.000898 0.001128 0.001103 0.000656 0.000647 ...
 $ X70  : num  0.001416 0.001369 0.001292 0.000941 0.000963 ...
 $ X71  : num  0.00121 0.00128 0.0012 0.00107 0.00112 ...
 $ X72  : num  0.000899 0.000864 0.000878 0.000928 0.00099 ...
 $ X73  : num  0.000508 0.000533 0.000507 0.000483 0.000484 ...
 $ X74  : num  0.000211 0.000178 0.000191 0.000211 0.000212 0.000826 0.000179 0.000166 0.00022 0.00022 ...
 $ X75  : num  0.000051 0.000021 0.000028 0.000026 0.000022 0.000223 0.000034 0.000016 0.000023 0.00003 ...
 $ X76  : num  9.0e-06 1.1e-05 5.0e-06 9.0e-06 6.0e-06 1.5e-05 5.0e-06 4.0e-06 5.0e-06 5.0e-06 ...
 $ X77  : num  0.000677 0.000962 0.000742 0.000336 0.00031 0.00013 0.000697 0.00107 0.000546 0.000407 ...
 $ X78  : num  0.0021 0.00247 0.00255 0.00135 0.00139 ...
 $ X79  : num  0.00376 0.00433 0.00425 0.00296 0.00299 ...
 $ X80  : num  0.00512 0.00521 0.00541 0.00479 0.00464 ...
 $ X81  : num  0.00517 0.00499 0.00508 0.00543 0.00555 ...
 $ X82  : num  0.00365 0.00327 0.00369 0.00401 0.00404 ...
 $ X83  : num  0.00176 0.00164 0.00173 0.00197 0.0019 ...
 $ X84  : num  0.000538 0.000495 0.000514 0.000617 0.000669 ...
 $ X85  : num  0.00008 0.000054 0.000033 0.00003 0.000049 0.000246 0.00005 0.000023 0.000046 0.000044 ...
 $ X86  : num  0.001327 0.001538 0.001414 0.000777 0.00087 ...
 $ X87  : num  0.00437 0.00496 0.00475 0.00343 0.00359 ...
 $ X88  : num  0.00818 0.0085 0.00834 0.00764 0.00772 ...
 $ X89  : num  0.0109 0.01 0.0105 0.0119 0.0119 ...
 $ X90  : num  0.01065 0.00966 0.01029 0.01253 0.01277 ...
 $ X91  : num  0.00665 0.00606 0.00642 0.00813 0.00796 ...
 $ X92  : num  0.00238 0.00223 0.00237 0.003 0.00292 ...
 $ X93  : num  0.000319 0.000362 0.000347 0.000406 0.000397 ...
 $ X94  : num  0.00159 0.00173 0.00158 0.00117 0.00113 ...
 $ X95  : num  0.00576 0.00611 0.00588 0.00521 0.00517 ...
 $ X96  : num  0.0113 0.0106 0.011 0.0122 0.0118 ...
 $ X97  : num  0.0146 0.0137 0.0139 0.0178 0.0178 ...
 $ X98  : num  0.0123 0.0114 0.0117 0.016 0.0161 ...
 $ X99  : num  0.00583 0.00538 0.00578 0.00789 0.00795 ...
  [list output truncated]
Exporting objects to slaves for mode socket: .mlr.slave.options
Mapping in parallel: mode = socket; cpus = 8; elements = 8.
Stopped parallelization. All cleaned up.
   acc 
0.9344 
